<?xml version="1.0" encoding="UTF-8"?>
<testsuite xmlns:xsi="http://www.w3.org/2001/XMLSchema-instance" xsi:noNamespaceSchemaLocation="https://maven.apache.org/surefire/maven-surefire-plugin/xsd/surefire-test-report-3.0.xsd" version="3.0" name="problems.test.StudentProblemsTest" time="0.111" tests="6" errors="0" skipped="0" failures="0">
  <properties>
    <property name="java.specification.version" value="21"/>
    <property name="sun.jnu.encoding" value="UTF-8"/>
    <property name="java.class.path" value="/home/jhbp/Downloads/R05-01-Rot-FloorCeilBinarySearch-environment/target/test-classes:/home/jhbp/Downloads/R05-01-Rot-FloorCeilBinarySearch-environment/target/classes:/home/jhbp/.m2/repository/junit/junit/4.13.1/junit-4.13.1.jar:/home/jhbp/.m2/repository/org/hamcrest/hamcrest-core/1.3/hamcrest-core-1.3.jar:"/>
    <property name="java.vm.vendor" value="Red Hat, Inc."/>
    <property name="sun.arch.data.model" value="64"/>
    <property name="java.vendor.url" value="https://www.redhat.com/"/>
    <property name="os.name" value="Linux"/>
    <property name="java.vm.specification.version" value="21"/>
    <property name="user.country" value="BR"/>
    <property name="sun.java.launcher" value="SUN_STANDARD"/>
    <property name="sun.boot.library.path" value="/usr/lib/jvm/java-21-openjdk/lib"/>
    <property name="sun.java.command" value="/home/jhbp/Downloads/R05-01-Rot-FloorCeilBinarySearch-environment/target/surefire/surefirebooter-20250716223451285_3.jar /home/jhbp/Downloads/R05-01-Rot-FloorCeilBinarySearch-environment/target/surefire 2025-07-16T22-34-51_120-jvmRun1 surefire-20250716223451285_1tmp surefire_0-20250716223451285_2tmp"/>
    <property name="jdk.debug" value="release"/>
    <property name="test" value="problems.test.StudentProblemsTest"/>
    <property name="surefire.test.class.path" value="/home/jhbp/Downloads/R05-01-Rot-FloorCeilBinarySearch-environment/target/test-classes:/home/jhbp/Downloads/R05-01-Rot-FloorCeilBinarySearch-environment/target/classes:/home/jhbp/.m2/repository/junit/junit/4.13.1/junit-4.13.1.jar:/home/jhbp/.m2/repository/org/hamcrest/hamcrest-core/1.3/hamcrest-core-1.3.jar:"/>
    <property name="sun.cpu.endian" value="little"/>
    <property name="user.home" value="/home/jhbp"/>
    <property name="user.language" value="pt"/>
    <property name="java.specification.vendor" value="Oracle Corporation"/>
    <property name="java.version.date" value="2025-04-15"/>
    <property name="java.home" value="/usr/lib/jvm/java-21-openjdk"/>
    <property name="file.separator" value="/"/>
    <property name="basedir" value="/home/jhbp/Downloads/R05-01-Rot-FloorCeilBinarySearch-environment"/>
    <property name="java.vm.compressedOopsMode" value="Zero based"/>
    <property name="line.separator" value="&#10;"/>
    <property name="java.vm.specification.vendor" value="Oracle Corporation"/>
    <property name="java.specification.name" value="Java Platform API Specification"/>
    <property name="surefire.real.class.path" value="/home/jhbp/Downloads/R05-01-Rot-FloorCeilBinarySearch-environment/target/surefire/surefirebooter-20250716223451285_3.jar"/>
    <property name="sun.management.compiler" value="HotSpot 64-Bit Tiered Compilers"/>
    <property name="java.runtime.version" value="21.0.7+6"/>
    <property name="user.name" value="jhbp"/>
    <property name="stdout.encoding" value="UTF-8"/>
    <property name="path.separator" value=":"/>
    <property name="os.version" value="6.15.4-100.fc41.x86_64"/>
    <property name="java.runtime.name" value="OpenJDK Runtime Environment"/>
    <property name="file.encoding" value="UTF-8"/>
    <property name="java.vm.name" value="OpenJDK 64-Bit Server VM"/>
    <property name="java.vendor.version" value="(Red_Hat-21.0.7.0.6-2)"/>
    <property name="maven.ext.class.path" value="/home/jhbp/.vscode/extensions/oracle.oracle-java-24.0.0/nbcode/java/maven-nblib/netbeans-eventspy.jar"/>
    <property name="localRepository" value="/home/jhbp/.m2/repository"/>
    <property name="java.vendor.url.bug" value="https://bugzilla.redhat.com/enter_bug.cgi?product=Fedora&amp;component=java-21-openjdk&amp;version=41"/>
    <property name="java.io.tmpdir" value="/tmp"/>
    <property name="java.version" value="21.0.7"/>
    <property name="user.dir" value="/home/jhbp/Downloads/R05-01-Rot-FloorCeilBinarySearch-environment"/>
    <property name="os.arch" value="amd64"/>
    <property name="java.vm.specification.name" value="Java Virtual Machine Specification"/>
    <property name="native.encoding" value="UTF-8"/>
    <property name="java.library.path" value="/usr/java/packages/lib:/usr/lib64:/lib64:/lib:/usr/lib"/>
    <property name="java.vm.info" value="mixed mode, sharing"/>
    <property name="stderr.encoding" value="UTF-8"/>
    <property name="java.vendor" value="Red Hat, Inc."/>
    <property name="java.vm.version" value="21.0.7+6"/>
    <property name="sun.io.unicode.encoding" value="UnicodeLittle"/>
    <property name="java.class.version" value="65.0"/>
  </properties>
  <testcase name="testCeilComValorEntreElementos" classname="problems.test.StudentProblemsTest" time="0.008"/>
  <testcase name="testCeilComValorExato" classname="problems.test.StudentProblemsTest" time="0.0"/>
  <testcase name="testFloorComValorEntreElementos" classname="problems.test.StudentProblemsTest" time="0.0"/>
  <testcase name="testFloorComValorExato" classname="problems.test.StudentProblemsTest" time="0.0"/>
  <testcase name="testSemCeil" classname="problems.test.StudentProblemsTest" time="0.001"/>
  <testcase name="testSemFloor" classname="problems.test.StudentProblemsTest" time="0.0"/>
</testsuite>